pre loading model
ROUND 0
Inferring cad batch: 0
Inferring cad batch: 1
Inferring cad batch: 2
Inferring cad batch: 3
Inferring cad batch: 4
Inferring cad batch: 5
Inferring cad batch: 6
Inferring cad batch: 7
Inferring cad batch: 8
Inferring cad batch: 9
Inferring cad batch: 10
Inferring cad batch: 11
Inferring cad batch: 12
Inferring cad batch: 13
Inferring cad batch: 14
Inferring cad batch: 15
Inferring cad batch: 16
Inferring cad batch: 17
Inferring cad batch: 18
Inferring cad batch: 19
Inferring cad batch: 20
Inferring cad batch: 21
Inferring cad batch: 22
Inferring cad batch: 23
Inferring cad batch: 24
Inferring cad batch: 25
Inferring cad batch: 26
Inferring cad batch: 27
Inferring cad batch: 28
Inferring cad batch: 29
Inferring cad batch: 30
Inferring cad batch: 31
Inferring cad batch: 32
Inferring cad batch: 33
Inferring cad batch: 34
Inferring cad batch: 35
Inferring cad batch: 36
Inferring cad batch: 37
Inferring cad batch: 38
Inferring cad batch: 39
Inferring cad batch: 40
Inferring cad batch: 41
Inferring cad batch: 42
Inferring cad batch: 43
Inferring cad batch: 44
Inferring cad batch: 45
Inferring cad batch: 46
Inferring cad batch: 47
Inferring cad batch: 48
Inferring cad batch: 49
Inferring cad batch: 50
Inferring cad batch: 51
Inferring cad batch: 52
Inferring cad batch: 53
Inferring cad batch: 54
Inferring cad batch: 55
Inferring cad batch: 56
Inferring cad batch: 57
Inferring cad batch: 58
Inferring cad batch: 59
Inferring cad batch: 60
Inferring cad batch: 61
Inferring cad batch: 62
Inferring cad batch: 63
Inferring cad batch: 64
Inferring cad batch: 65
Inferring cad batch: 66
Inferring cad batch: 67
Inferring cad batch: 68
Inferring cad batch: 69
Inferring cad batch: 70
Inferring cad batch: 71
Inferring cad batch: 72
Inferring cad batch: 73
Inferring cad batch: 74
Inferring cad batch: 75
Inferring cad batch: 76
Inferring cad batch: 77
Inferring cad batch: 78
Inferring cad batch: 79
Inferring cad batch: 80
Inferring cad batch: 81
Inferring cad batch: 82
Inferring cad batch: 83
Inferring cad batch: 84
Inferring cad batch: 85
Inferring cad batch: 86
Inferring cad batch: 87
Inferring cad batch: 88
Inferring cad batch: 89
Inferring cad batch: 90
Inferring cad batch: 91
Inferring cad batch: 92
Inferring cad batch: 93
Inferring cad batch: 94
Inferring cad batch: 95
Inferring cad batch: 96
Inferring cad batch: 97
Inferring cad batch: 98
Inferring cad batch: 99
TRAIN CD: 1.5712307920146784
Inferring test cad batch: 0
Inferring test cad batch: 1
Inferring test cad batch: 2
Inferring test cad batch: 3
Inferring test cad batch: 4
Inferring test cad batch: 5
Inferring test cad batch: 6
Inferring test cad batch: 7
Inferring test cad batch: 8
Inferring test cad batch: 9
Inferring test cad batch: 10
Inferring test cad batch: 11
Inferring test cad batch: 12
Inferring test cad batch: 13
Inferring test cad batch: 14
Inferring test cad batch: 15
Inferring test cad batch: 16
Inferring test cad batch: 17
Inferring test cad batch: 18
Inferring test cad batch: 19
Inferring test cad batch: 20
Inferring test cad batch: 21
Inferring test cad batch: 22
Inferring test cad batch: 23
Inferring test cad batch: 24
Inferring test cad batch: 25
Inferring test cad batch: 26
Inferring test cad batch: 27
Inferring test cad batch: 28
Inferring test cad batch: 29
TEST CD: 1.5802886264710803
Epoch 0/100 =>  train loss: 1.209742972254753, test cd: 2.345989911408889
Epoch 1/100 =>  train loss: 0.8837490057945252, test cd: 2.1527813142068033
Epoch 2/100 =>  train loss: 0.7634538054466248, test cd: 2.13840402887423
Epoch 3/100 =>  train loss: 0.6804486805200577, test cd: 2.057441277909398
Epoch 4/100 =>  train loss: 0.6136163645982742, test cd: 2.181593875867348
Epoch 5/100 =>  train loss: 0.55957102060318, test cd: 2.0747031061190513
Epoch 6/100 =>  train loss: 0.5125194323062897, test cd: 2.1085666361663438
Epoch 7/100 =>  train loss: 0.4759625589847565, test cd: 2.1158825527087886
Epoch 8/100 =>  train loss: 0.4431223005056381, test cd: 2.129431421250802
Epoch 9/100 =>  train loss: 0.4175965568423271, test cd: 2.1052349594635493
Epoch 10/100 =>  train loss: 0.39003905802965166, test cd: 2.0864329775567008
Epoch 11/100 =>  train loss: 0.37523226290941236, test cd: 2.091881139214296
Epoch 12/100 =>  train loss: 0.35534788578748705, test cd: 2.1047747447576604
Epoch 13/100 =>  train loss: 0.3398974722623825, test cd: 2.134192141528199
Epoch 14/100 =>  train loss: 0.32141059696674346, test cd: 2.0657813291915637
Epoch 15/100 =>  train loss: 0.31162897288799285, test cd: 2.0818109881964997
Epoch 16/100 =>  train loss: 0.29582771241664885, test cd: 2.0732959707651024
Epoch 17/100 =>  train loss: 0.29170572981238363, test cd: 2.046358871021844
Epoch 18/100 =>  train loss: 0.27731082782149313, test cd: 2.103278292382106
Epoch 19/100 =>  train loss: 0.2694436126947403, test cd: 2.0574125055876156
Epoch 20/100 =>  train loss: 0.26481465801596643, test cd: 2.1005094490830376
Epoch 21/100 =>  train loss: 0.25929927214980125, test cd: 2.1050433890504414
Epoch 22/100 =>  train loss: 0.24669100418686868, test cd: 2.010902044785393
Epoch 23/100 =>  train loss: 0.24307017505168915, test cd: 2.127301352868154
Epoch 24/100 =>  train loss: 0.2365380969643593, test cd: 2.098056555221317
Epoch 25/100 =>  train loss: 0.23258864536881446, test cd: 2.0820702726293514
Epoch 26/100 =>  train loss: 0.22459121391177178, test cd: 2.0326794182693715
Epoch 27/100 =>  train loss: 0.22401961728930472, test cd: 2.0329991223760464
Epoch 28/100 =>  train loss: 0.2168244929611683, test cd: 1.987137321190812
Epoch 29/100 =>  train loss: 0.21562341690063477, test cd: 2.1316478305713913
Epoch 30/100 =>  train loss: 0.21062638655304908, test cd: 1.997109165134545
Epoch 31/100 =>  train loss: 0.20978400483727455, test cd: 2.071180303145727
Epoch 32/100 =>  train loss: 0.20153532698750495, test cd: 2.097832071325939
Epoch 33/100 =>  train loss: 0.202310166656971, test cd: 2.066691219055155
Epoch 34/100 =>  train loss: 0.1997862021625042, test cd: 2.0922759416895866
Epoch 35/100 =>  train loss: 0.19326966658234596, test cd: 1.9861946977697262
Epoch 36/100 =>  train loss: 0.19288491144776343, test cd: 1.9450912707146126
Epoch 37/100 =>  train loss: 0.19181942358613013, test cd: 1.9943594719477147
Epoch 38/100 =>  train loss: 0.19031620502471924, test cd: 2.006943980598327
Epoch 39/100 =>  train loss: 0.18752096265554427, test cd: 2.033705918470296
Epoch 40/100 =>  train loss: 0.1873750878870487, test cd: 2.0278353626209844
Epoch 41/100 =>  train loss: 0.18198396921157836, test cd: 2.0774625811936787
Epoch 42/100 =>  train loss: 0.17923936799168586, test cd: 1.9492165048455823
Epoch 43/100 =>  train loss: 0.1788068301975727, test cd: 2.1385719584056915
Epoch 44/100 =>  train loss: 0.17337419763207434, test cd: 2.043027370498596
Epoch 45/100 =>  train loss: 0.17886607676744462, test cd: 1.9815036335537133
Epoch 46/100 =>  train loss: 0.17555185422301292, test cd: 2.0270858851027844
Epoch 47/100 =>  train loss: 0.1743804056942463, test cd: 1.9784155847373475
Epoch 48/100 =>  train loss: 0.17376930817961692, test cd: 1.9717645174111629
Epoch 49/100 =>  train loss: 0.16523394376039505, test cd: 1.9871900980058175
Epoch 50/100 =>  train loss: 0.16751409634947778, test cd: 2.0217422338402913
Epoch 51/100 =>  train loss: 0.16602165400981903, test cd: 2.092607756385588
Epoch 52/100 =>  train loss: 0.16365559794008733, test cd: 2.0110042237491568
Epoch 53/100 =>  train loss: 0.16390742778778075, test cd: 2.0241120219754243
Epoch 54/100 =>  train loss: 0.15889321610331536, test cd: 2.014940993969306
Epoch 55/100 =>  train loss: 0.16199484713375567, test cd: 2.0085930100404368
Total inference epochs: 57
ROUND 1
Inferring cad batch: 0
Inferring cad batch: 1
Inferring cad batch: 2
Inferring cad batch: 3
Inferring cad batch: 4
Inferring cad batch: 5
Inferring cad batch: 6
Inferring cad batch: 7
Inferring cad batch: 8
Inferring cad batch: 9
Inferring cad batch: 10
Inferring cad batch: 11
Inferring cad batch: 12
Inferring cad batch: 13
Inferring cad batch: 14
Inferring cad batch: 15
Inferring cad batch: 16
Inferring cad batch: 17
Inferring cad batch: 18
Inferring cad batch: 19
Inferring cad batch: 20
Inferring cad batch: 21
Inferring cad batch: 22
Inferring cad batch: 23
Inferring cad batch: 24
Inferring cad batch: 25
Inferring cad batch: 26
Inferring cad batch: 27
Inferring cad batch: 28
Inferring cad batch: 29
Inferring cad batch: 30
Inferring cad batch: 31
Inferring cad batch: 32
Inferring cad batch: 33
Inferring cad batch: 34
Inferring cad batch: 35
Inferring cad batch: 36
Inferring cad batch: 37
Inferring cad batch: 38
Inferring cad batch: 39
Inferring cad batch: 40
Inferring cad batch: 41
Inferring cad batch: 42
Inferring cad batch: 43
Inferring cad batch: 44
Inferring cad batch: 45
Inferring cad batch: 46
Inferring cad batch: 47
Inferring cad batch: 48
Inferring cad batch: 49
Inferring cad batch: 50
Inferring cad batch: 51
Inferring cad batch: 52
Inferring cad batch: 53
Inferring cad batch: 54
Inferring cad batch: 55
Inferring cad batch: 56
Inferring cad batch: 57
Inferring cad batch: 58
Inferring cad batch: 59
Inferring cad batch: 60
Inferring cad batch: 61
Inferring cad batch: 62
Inferring cad batch: 63
Inferring cad batch: 64
Inferring cad batch: 65
Inferring cad batch: 66
Inferring cad batch: 67
Inferring cad batch: 68
Inferring cad batch: 69
Inferring cad batch: 70
Inferring cad batch: 71
Inferring cad batch: 72
Inferring cad batch: 73
Inferring cad batch: 74
Inferring cad batch: 75
Inferring cad batch: 76
Inferring cad batch: 77
Inferring cad batch: 78
Inferring cad batch: 79
Inferring cad batch: 80
Inferring cad batch: 81
Inferring cad batch: 82
Inferring cad batch: 83
Inferring cad batch: 84
Inferring cad batch: 85
Inferring cad batch: 86
Inferring cad batch: 87
Inferring cad batch: 88
Inferring cad batch: 89
Inferring cad batch: 90
Inferring cad batch: 91
Inferring cad batch: 92
Inferring cad batch: 93
Inferring cad batch: 94
Inferring cad batch: 95
Inferring cad batch: 96
Inferring cad batch: 97
Inferring cad batch: 98
Inferring cad batch: 99
TRAIN CD: 1.332900613810082
Inferring test cad batch: 0
Inferring test cad batch: 1
Inferring test cad batch: 2
Inferring test cad batch: 3
Inferring test cad batch: 4
Inferring test cad batch: 5
Inferring test cad batch: 6
Inferring test cad batch: 7
Inferring test cad batch: 8
Inferring test cad batch: 9
Inferring test cad batch: 10
Inferring test cad batch: 11
Inferring test cad batch: 12
Inferring test cad batch: 13
Inferring test cad batch: 14
Inferring test cad batch: 15
Inferring test cad batch: 16
Inferring test cad batch: 17
Inferring test cad batch: 18
Inferring test cad batch: 19
Inferring test cad batch: 20
Inferring test cad batch: 21
Inferring test cad batch: 22
Inferring test cad batch: 23
Inferring test cad batch: 24
Inferring test cad batch: 25
Inferring test cad batch: 26
Inferring test cad batch: 27
Inferring test cad batch: 28
Inferring test cad batch: 29
TEST CD: 1.3318657541546954
Epoch 0/100 =>  train loss: 0.5455267605185509, test cd: 2.07370724556451
Epoch 1/100 =>  train loss: 0.3927140209078789, test cd: 1.8991643922401626
Epoch 2/100 =>  train loss: 0.3296369969844818, test cd: 1.9109156001635856
Epoch 3/100 =>  train loss: 0.28717602893710137, test cd: 1.9560707286372971
Epoch 4/100 =>  train loss: 0.25795812889933584, test cd: 1.9244631810761055
Epoch 5/100 =>  train loss: 0.23826683863997458, test cd: 1.8409087809806215
Epoch 6/100 =>  train loss: 0.22602665647864342, test cd: 1.821693558056967
Epoch 7/100 =>  train loss: 0.21390952438116073, test cd: 1.9141729073958726
Epoch 8/100 =>  train loss: 0.19868755012750625, test cd: 1.8885965014734987
Epoch 9/100 =>  train loss: 0.1900512008368969, test cd: 1.857556636232377
Epoch 10/100 =>  train loss: 0.18498178243637084, test cd: 1.8299113938052272
Epoch 11/100 =>  train loss: 0.18013495817780495, test cd: 1.9146424031668108
Epoch 12/100 =>  train loss: 0.16874785602092743, test cd: 1.8814504701379862
Epoch 13/100 =>  train loss: 0.16731935754418373, test cd: 1.814631635005504
Epoch 14/100 =>  train loss: 0.1613948006927967, test cd: 1.853380527484807
Epoch 15/100 =>  train loss: 0.15810410358011723, test cd: 1.8905948484870787
Epoch 16/100 =>  train loss: 0.15271609775722028, test cd: 1.8347276462277906
Epoch 17/100 =>  train loss: 0.15359652400016785, test cd: 1.8371654528680852
Epoch 18/100 =>  train loss: 0.14737822093069552, test cd: 1.829392371011532
Epoch 19/100 =>  train loss: 0.14580316066741944, test cd: 1.892422251656924
Epoch 20/100 =>  train loss: 0.14222854137420654, test cd: 1.8700261614604796
Epoch 21/100 =>  train loss: 0.13887773863971234, test cd: 1.8262750383998734
Epoch 22/100 =>  train loss: 0.13351513490080832, test cd: 1.8265343698561651
Epoch 23/100 =>  train loss: 0.13799103789031505, test cd: 1.812857195961129
Epoch 24/100 =>  train loss: 0.13014018207788466, test cd: 1.860241935501868
Epoch 25/100 =>  train loss: 0.13091286174952985, test cd: 1.8351784336338235
Epoch 26/100 =>  train loss: 0.12983268462121486, test cd: 1.892065226135716
Epoch 27/100 =>  train loss: 0.13007406041026115, test cd: 1.844802485484714
Epoch 28/100 =>  train loss: 0.1265530214458704, test cd: 1.827296519664781
Epoch 29/100 =>  train loss: 0.12172761552035809, test cd: 1.8105022533524147
Epoch 30/100 =>  train loss: 0.12231387794017792, test cd: 1.847282257002042
Epoch 31/100 =>  train loss: 0.12515017218887806, test cd: 1.8480298442728753
Epoch 32/100 =>  train loss: 0.1200312052667141, test cd: 1.8290194967968822
Epoch 33/100 =>  train loss: 0.117987115457654, test cd: 1.8233270294559
